<?xml version="1.0" encoding="UTF-8"?>
<!-- Generated by org.testng.reporters.JUnitReportReporter -->
<testsuite hostname="DESKTOP-T777DIF" name="com.TestCases.AppCentreTests" tests="1" failures="0" timestamp="1 Feb 2021 05:07:44 GMT" time="9.045" errors="0">
  <testcase name="TC01" time="9.045" classname="com.TestCases.AppCentreTests"/>
</testsuite> <!-- com.TestCases.AppCentreTests -->
