<?xml version="1.0" encoding="UTF-8"?>
<!-- Generated by org.testng.reporters.JUnitReportReporter -->
<testsuite hostname="DESKTOP-T777DIF" name="com.TestCases.AuthorTests" tests="1" failures="0" timestamp="1 Feb 2021 05:07:44 GMT" time="12.134" errors="0">
  <testcase name="TC05" time="12.134" classname="com.TestCases.AuthorTests"/>
</testsuite> <!-- com.TestCases.AuthorTests -->
